<?xml version="1.0" encoding="UTF-8"?>
<!-- Generated by org.testng.reporters.JUnitXMLReporter -->
<testsuite ignored="1" hostname="DESKTOP-0CQBC83" failures="0" tests="2" name="Default test" time="41.167" errors="0" timestamp="2024-08-18T10:14:37 IST">
  <testcase classname="tusharorg.tests.SubmitOrderTest" name="submitOrder" time="9.446"/>
  <testcase classname="tusharorg.tests.SubmitOrderTest" name="submitOrder" time="9.9"/>
  <testcase classname="tusharorg.tests.SubmitOrderTest" name="orderHistoryTest" time="0.0">
    <ignored/>
  </testcase> <!-- orderHistoryTest -->
</testsuite> <!-- Default test -->
