<?xml version="1.0" encoding="UTF-8"?>
<!-- Generated by org.testng.reporters.JUnitXMLReporter -->
<testsuite ignored="0" hostname="DESKTOP-0CQBC83" failures="0" tests="3" name="Submit Orders Tests" time="67.481" errors="0" timestamp="2024-08-19T01:30:49 IST">
  <testcase classname="tusharorg.tests.SubmitOrderTest" name="submitOrder" time="9.238"/>
  <testcase classname="tusharorg.tests.SubmitOrderTest" name="submitOrder" time="10.486"/>
  <testcase classname="tusharorg.tests.SubmitOrderTest" name="orderHistoryTest" time="1.239"/>
</testsuite> <!-- Submit Orders Tests -->
